This file contains any messages produced by compilers while
running configure, to aid debugging if configure makes a mistake.

It was created by jamvm configure 2.0.0, which was
generated by GNU Autoconf 2.69.  Invocation command line was

  $ ./configure 

## --------- ##
## Platform. ##
## --------- ##

hostname = sunyanbin
uname -m = i686
uname -r = 1.7.24(0.269/5/3)
uname -s = CYGWIN_NT-5.1
uname -v = 2013-08-15 11:55

/usr/bin/uname -p = unknown
/bin/uname -X     = unknown

/bin/arch              = i686
/usr/bin/arch -k       = unknown
/usr/convex/getsysinfo = unknown
/usr/bin/hostinfo      = unknown
/bin/machine           = unknown
/usr/bin/oslevel       = unknown
/bin/universe          = unknown

PATH: /usr/local/bin
PATH: /usr/bin
PATH: /cygdrive/c/Program Files/Java/jre7/bin/client
PATH: /cygdrive/c/Program Files/Java/jre7/bin
PATH: /cygdrive/c/Program Files/Java/jre7/lib/i386
PATH: /cygdrive/d/Git/bin
PATH: /cygdrive/d/Git/bin
PATH: /cygdrive/d/Git/bin
PATH: /cygdrive/d/Git/bin
PATH: /cygdrive/d/Git/bin
PATH: /cygdrive/d/Git/bin
PATH: /cygdrive/d/Python33
PATH: /cygdrive/d/Program Files/ImageMagick-6.8.6-Q16
PATH: /cygdrive/d/Program Files/Ruby193/bin
PATH: /cygdrive/c/WINDOWS/system32
PATH: /cygdrive/c/WINDOWS
PATH: /cygdrive/c/WINDOWS/System32/Wbem
PATH: /cygdrive/c/WINDOWS/system32/WindowsPowerShell/v1.0
PATH: /cygdrive/d/Python32
PATH: /cygdrive/c/Program Files/SecureCRT
PATH: /cygdrive/d/Program Files/CTEX/UserData/miktex/bin
PATH: /cygdrive/d/Program Files/CTEX/MiKTeX/miktex/bin
PATH: /cygdrive/d/Program Files/CTEX/CTeX/ctex/bin
PATH: /cygdrive/d/Program Files/CTEX/CTeX/cct/bin
PATH: /cygdrive/d/Program Files/CTEX/CTeX/ty/bin
PATH: /cygdrive/d/Program Files/CTEX/Ghostscript/gs9.05/bin
PATH: /cygdrive/d/Program Files/CTEX/GSview/gsview
PATH: /cygdrive/d/Program Files/CTEX/WinEdt
PATH: /cygdrive/d/Program Files/Subversion/bin
PATH: /cygdrive/c/Program Files/cwRsync/bin
PATH: /cygdrive/d/Program Files/gource-0.40.win32
PATH: /cygdrive/d/Program Files/PostgreSQL/9.3/bin
PATH: /cygdrive/d/Program Files/Graphviz2.36/bin
PATH: /cygdrive/d/sunyanbin10130990/adt-bundle-windows-x86-20131030/sdk/platform-tools
PATH: /cygdrive/d/sunyanbin10130990/adt-bundle-windows-x86-20131030/sdk/tools
PATH: /cygdrive/d/Program Files/FPC/2.6.4/bin/i386-Win32
PATH: /cygdrive/c/Program Files/VisualSVN Server/bin
PATH: /cygdrive/d/Program Files/gradle-2.0/bin
PATH: /cygdrive/d/Program Files/TortoiseHg
PATH: /cygdrive/c/Program Files/TortoiseSVN/bin
PATH: /cygdrive/c/Program Files/Gow/bin
PATH: /cygdrive/d/Git/cmd
PATH: /cygdrive/c/Program Files/Gow/bin
PATH: /cygdrive/c/Program Files/Microsoft Visual Studio/Common/Tools/WinNT
PATH: /cygdrive/c/Program Files/Microsoft Visual Studio/Common/MSDev98/Bin
PATH: /cygdrive/c/Program Files/Microsoft Visual Studio/Common/Tools
PATH: /cygdrive/c/Program Files/Microsoft Visual Studio/VC98/bin
PATH: /cygdrive/c/Program Files/Java/jdk1.6.0_13/bin
PATH: /cygdrive/e/ctags58
PATH: /cygdrive/d/sunyanbin10130990/tcc
PATH: /cygdrive/d/Program Files/clisp-2.49
PATH: /cygdrive/d/Python32/Scripts
PATH: /cygdrive/e/apache-ant-1.9.0/bin
PATH: /cygdrive/c/Program Files/TortoiseSVN/bin
PATH: /cygdrive/d/Program Files/emacs-24.3/bin
PATH: /cygdrive/c/Documents and Settings/sunyanbin10130990/Local Settings/Application Data/Pandoc
PATH: /cygdrive/e/Git/clojure/leiningen/bin
PATH: /cygdrive/e/apache-maven-3.1.1/bin
PATH: /cygdrive/d/Program Files/lua-5.2.3
PATH: /cygdrive/d/sunyanbin10130990/adt-bundle-windows-x86-20131030/eclipse


## ----------- ##
## Core tests. ##
## ----------- ##

configure:2385: checking for a BSD-compatible install
configure:2453: result: /usr/bin/install -c
configure:2464: checking whether build environment is sane
configure:2514: result: yes
configure:2655: checking for a thread-safe mkdir -p
configure:2694: result: /usr/bin/mkdir -p
configure:2707: checking for gawk
configure:2723: found /usr/bin/gawk
configure:2734: result: gawk
configure:2745: checking whether make sets $(MAKE)
configure:2767: result: yes
configure:2852: checking build system type
configure:2866: result: i686-pc-cygwin
configure:2886: checking host system type
configure:2899: result: i686-pc-cygwin
configure:2942: error: i686-pc-cygwin not supported

## ---------------- ##
## Cache variables. ##
## ---------------- ##

ac_cv_build=i686-pc-cygwin
ac_cv_env_CCASFLAGS_set=
ac_cv_env_CCASFLAGS_value=
ac_cv_env_CCAS_set=
ac_cv_env_CCAS_value=
ac_cv_env_CC_set=
ac_cv_env_CC_value=
ac_cv_env_CFLAGS_set=
ac_cv_env_CFLAGS_value=
ac_cv_env_CPPFLAGS_set=
ac_cv_env_CPPFLAGS_value=
ac_cv_env_CPP_set=
ac_cv_env_CPP_value=
ac_cv_env_LDFLAGS_set=
ac_cv_env_LDFLAGS_value=
ac_cv_env_LIBS_set=
ac_cv_env_LIBS_value=
ac_cv_env_build_alias_set=
ac_cv_env_build_alias_value=
ac_cv_env_host_alias_set=
ac_cv_env_host_alias_value=
ac_cv_env_target_alias_set=
ac_cv_env_target_alias_value=
ac_cv_host=i686-pc-cygwin
ac_cv_path_install='/usr/bin/install -c'
ac_cv_path_mkdir=/usr/bin/mkdir
ac_cv_prog_AWK=gawk
ac_cv_prog_make_make_set=yes

## ----------------- ##
## Output variables. ##
## ----------------- ##

ACLOCAL='${SHELL} /cygdrive/e/jamvm-2.0.0/missing --run aclocal-1.11'
ALLOCA=''
AMDEPBACKSLASH=''
AMDEP_FALSE=''
AMDEP_TRUE=''
AMTAR='$${TAR-tar}'
AR=''
AUTOCONF='${SHELL} /cygdrive/e/jamvm-2.0.0/missing --run autoconf'
AUTOHEADER='${SHELL} /cygdrive/e/jamvm-2.0.0/missing --run autoheader'
AUTOMAKE='${SHELL} /cygdrive/e/jamvm-2.0.0/missing --run automake-1.11'
AWK='gawk'
CC=''
CCAS=''
CCASDEPMODE=''
CCASFLAGS=''
CCDEPMODE=''
CFLAGS=''
COMPILE_TIME_RELOC_CHECKS_FALSE=''
COMPILE_TIME_RELOC_CHECKS_TRUE=''
CPP=''
CPPFLAGS=''
CYGPATH_W='cygpath -w'
DEFS=''
DEPDIR=''
DLLTOOL=''
DSYMUTIL=''
DUMPBIN=''
ECHO_C=''
ECHO_N='-n'
ECHO_T=''
EGREP=''
EXEEXT=''
FGREP=''
GREP=''
INSTALL_DATA='${INSTALL} -m 644'
INSTALL_PROGRAM='${INSTALL}'
INSTALL_SCRIPT='${INSTALL}'
INSTALL_STRIP_PROGRAM='$(install_sh) -c -s'
JAVAC=''
LD=''
LDFLAGS=''
LIBOBJS=''
LIBS=''
LIBTOOL=''
LIPO=''
LN_S=''
LTLIBOBJS=''
MAINT=''
MAINTAINER_MODE_FALSE=''
MAINTAINER_MODE_TRUE=''
MAKEINFO='${SHELL} /cygdrive/e/jamvm-2.0.0/missing --run makeinfo'
MANIFEST_TOOL=''
MKDIR_P='/usr/bin/mkdir -p'
NM=''
NMEDIT=''
OBJDUMP=''
OBJEXT=''
OTOOL64=''
OTOOL=''
PACKAGE='jamvm'
PACKAGE_BUGREPORT=''
PACKAGE_NAME='jamvm'
PACKAGE_STRING='jamvm 2.0.0'
PACKAGE_TARNAME='jamvm'
PACKAGE_URL=''
PACKAGE_VERSION='2.0.0'
PATH_SEPARATOR=':'
RANLIB=''
SED=''
SET_MAKE=''
SHELL='/bin/sh'
STRIP=''
VERSION='2.0.0'
ac_ct_AR=''
ac_ct_CC=''
ac_ct_DUMPBIN=''
am__EXEEXT_FALSE=''
am__EXEEXT_TRUE=''
am__fastdepCCAS_FALSE=''
am__fastdepCCAS_TRUE=''
am__fastdepCC_FALSE=''
am__fastdepCC_TRUE=''
am__include=''
am__isrc=''
am__leading_dot='.'
am__nodep=''
am__quote=''
am__tar='$${TAR-tar} chof - "$$tardir"'
am__untar='$${TAR-tar} xf -'
arch=''
bindir='${exec_prefix}/bin'
build='i686-pc-cygwin'
build_alias=''
build_cpu='i686'
build_os='cygwin'
build_vendor='pc'
classlib=''
datadir='${datarootdir}'
datarootdir='${prefix}/share'
docdir='${datarootdir}/doc/${PACKAGE_TARNAME}'
dvidir='${docdir}'
exec_prefix='NONE'
host='i686-pc-cygwin'
host_alias=''
host_cpu='i686'
host_os='cygwin'
host_vendor='pc'
htmldir='${docdir}'
includedir='${prefix}/include'
infodir='${datarootdir}/info'
install_sh='${SHELL} /cygdrive/e/jamvm-2.0.0/install-sh'
interp_cflags=''
libdir='${exec_prefix}/lib'
libexecdir='${exec_prefix}/libexec'
localedir='${datarootdir}/locale'
localstatedir='${prefix}/var'
mandir='${datarootdir}/man'
mkdir_p='/usr/bin/mkdir -p'
oldincludedir='/usr/include'
os=''
pdfdir='${docdir}'
prefix='NONE'
program_transform_name='s,x,x,'
psdir='${docdir}'
sbindir='${exec_prefix}/sbin'
sharedstatedir='${prefix}/com'
sysconfdir='${prefix}/etc'
target_alias=''
use_zip_no=''
use_zip_yes=''
with_classpath_install_dir=''

## ----------- ##
## confdefs.h. ##
## ----------- ##

/* confdefs.h */
#define PACKAGE_NAME "jamvm"
#define PACKAGE_TARNAME "jamvm"
#define PACKAGE_VERSION "2.0.0"
#define PACKAGE_STRING "jamvm 2.0.0"
#define PACKAGE_BUGREPORT ""
#define PACKAGE_URL ""
#define PACKAGE "jamvm"
#define VERSION "2.0.0"

configure: exit 1
